ISim log file
Running: E:\Constructive Stuff\DES_VLSI_Sim-20161101T143805Z\DES_VLSI_Sim\Des_Top_isim_beh.exe -intstyle ise -gui -tclbatch isim.cmd -wdb E:/Constructive Stuff/DES_VLSI_Sim-20161101T143805Z/DES_VLSI_Sim/Des_Top_isim_beh.wdb 
ISim P.20131013 (signature 0x7708f090)
WARNING: A WEBPACK license was found.
WARNING: Please use Xilinx License Configuration Manager to check out a full ISim license.
WARNING: ISim will run in Lite mode. Please refer to the ISim documentation for more information on the differences between the Lite and the Full version.
This is a Lite version of ISim.
Time resolution is 1 ps
# onerror resume
# wave add /
# run 1000 ns
Simulator is doing circuit initialization process.
Finished circuit initialization process.
# isim force add /Des_Top/RST 0 -radix bin
# isim force add /Des_Top/RST 0 -radix bin
# isim force add /Des_Top/CHIP_SELECT_BAR 0 -radix bin
# isim force add /Des_Top/CHIP_SELECT_BAR 0 -radix bin
# isim force add /Des_Top/ADDRESS 1 -radix bin
# isim force add /Des_Top/ADDRESS 1 -radix bin
# isim force add /Des_Top/PLAIN_TEXT 1543adc3cbd5bee5 -radix hex
# isim force add /Des_Top/PLAIN_TEXT 1543adc3cbd5bee5 -radix hex
# run 1.00us
The simulator has terminated in an unexpected manner.  Please review the ISim log (isim.log) for details.
